#-----------------------------------------------------------
# Vivado v2015.2 (64-bit)
# SW Build 1266856 on Fri Jun 26 16:35:25 MDT 2015
# IP Build 1264090 on Wed Jun 24 14:22:01 MDT 2015
# Start of session at: Mon Jul 27 23:08:45 2020
# Process ID: 16420
# Log file: C:/My_Peripheral_project/MIPSfpga_axi4/vivado.log
# Journal file: C:/My_Peripheral_project/MIPSfpga_axi4\vivado.jou
#-----------------------------------------------------------
start_gui
open_project C:/My_Peripheral_project/MIPSfpga_axi4/MIPSfpga_axi4.xpr
Scanning sources...
Finished scanning sources
INFO: [IP_Flow 19-234] Refreshing IP repositories
WARNING: [IP_Flow 19-3685] Ignored loading user repository 'c:/My_Peripheral_project/ip_repo/PWM_w_Int_1.0'. The path is contained within another repository.
INFO: [IP_Flow 19-1700] Loaded user IP repository 'c:/My_Peripheral_project/ip_repo'.
INFO: [IP_Flow 19-2313] Loaded Vivado IP repository 'C:/Xilinx/Vivado/2015.2/data/ip'.
open_project: Time (s): cpu = 00:00:44 ; elapsed = 00:00:28 . Memory (MB): peak = 854.645 ; gain = 306.434
open_bd_design {C:/My_Peripheral_project/MIPSfpga_axi4/MIPSfpga_axi4.srcs/sources_1/bd/MIPSfpga_system/MIPSfpga_system.bd}
Adding component instance block -- imgtec.org:user:MIPS_MicroAptiv_UP:1.3.1 - MIPS_MicroAptiv_UP_0
Adding component instance block -- xilinx.com:ip:ahblite_axi_bridge:3.0 - ahblite_axi_bridge_0
Adding component instance block -- xilinx.com:ip:xlconstant:1.1 - xlconstant_0
Adding component instance block -- xilinx.com:ip:axi_gpio:2.0 - axi_gpio_0
Adding component instance block -- xilinx.com:ip:axi_bram_ctrl:4.0 - axi_bram_ctrl_0
Adding component instance block -- xilinx.com:ip:blk_mem_gen:8.2 - blk_mem_gen_0
Adding component instance block -- xilinx.com:ip:util_ds_buf:2.1 - util_ds_buf_0
Adding component instance block -- xilinx.com:ip:xlconstant:1.1 - xlconstant_1
Adding component instance block -- xilinx.com:ip:xlconstant:1.1 - xlconstant_2
Adding component instance block -- xilinx.com:ip:clk_wiz:5.1 - clk_wiz_0
Adding component instance block -- xilinx.com:ip:util_vector_logic:2.0 - util_vector_logic_0
Adding component instance block -- xilinx.com:ip:util_vector_logic:2.0 - util_vector_logic_1
Adding component instance block -- xilinx.com:ip:axi_uart16550:2.0 - axi_uart16550_0
Adding component instance block -- xilinx.com:ip:xlconstant:1.1 - xlconstant_3
Adding component instance block -- xilinx.com:ip:blk_mem_gen:8.2 - blk_mem_gen_1
Adding component instance block -- xilinx.com:ip:axi_bram_ctrl:4.0 - axi_bram_ctrl_1
Adding component instance block -- xilinx.com:user:PWM_w_Int:1.0 - PWM_w_Int_0
Adding component instance block -- xilinx.com:ip:xlconcat:2.1 - xlconcat_0
Adding component instance block -- xilinx.com:ip:axi_iic:2.0 - axi_iic_0
Adding component instance block -- xilinx.com:ip:axi_iic:2.0 - axi_iic_1
Adding component instance block -- xilinx.com:ip:axi_crossbar:2.1 - xbar
Adding component instance block -- xilinx.com:ip:axi_protocol_converter:2.1 - auto_pc
Adding component instance block -- xilinx.com:ip:axi_protocol_converter:2.1 - auto_pc
Adding component instance block -- xilinx.com:ip:axi_protocol_converter:2.1 - auto_pc
Adding component instance block -- xilinx.com:ip:axi_protocol_converter:2.1 - auto_pc
Adding component instance block -- xilinx.com:ip:axi_protocol_converter:2.1 - auto_pc
Successfully read diagram <MIPSfpga_system> from BD file <C:/My_Peripheral_project/MIPSfpga_axi4/MIPSfpga_axi4.srcs/sources_1/bd/MIPSfpga_system/MIPSfpga_system.bd>
open_bd_design: Time (s): cpu = 00:00:16 ; elapsed = 00:00:13 . Memory (MB): peak = 928.266 ; gain = 73.621
set_property location {6 1790 978} [get_bd_cells blk_mem_gen_0]
set_property location {1954 367} [get_bd_ports JB3]
set_property location {1943 381} [get_bd_ports JB3]
delete_bd_objs [get_bd_intf_nets axi_iic_1_IIC]
undo
INFO: [Common 17-17] undo 'delete_bd_objs [get_bd_intf_nets axi_iic_1_IIC]'
validate_bd_design
INFO: [xilinx.com:ip:clk_wiz:5.1-147] MIPSfpga_system_clk_wiz_0_0: clkphy_en: false , clkphy_freq: 600.000
INFO: [xilinx.com:ip:clk_wiz:5.1-132] MIPSfpga_system_clk_wiz_0_0: mmcm_pll_calc_optimals: GetClosestSolution: errStr: 1
INFO: [xilinx.com:ip:clk_wiz:5.1-137] MIPSfpga_system_clk_wiz_0_0: phyMode: NONE phyFreq: 50.000
INFO: [xilinx.com:ip:clk_wiz:5.1-147] MIPSfpga_system_clk_wiz_0_0: clkphy_en: false , clkphy_freq: 600.000
INFO: [xilinx.com:ip:clk_wiz:5.1-132] MIPSfpga_system_clk_wiz_0_0: mmcm_pll_calc_optimals: GetClosestSolution: errStr: 1
INFO: [xilinx.com:ip:clk_wiz:5.1-137] MIPSfpga_system_clk_wiz_0_0: phyMode: NONE phyFreq: 50.000
INFO: [xilinx.com:ip:clk_wiz:5.1-147] MIPSfpga_system_clk_wiz_0_0: clkphy_en: false , clkphy_freq: 600.000
INFO: [xilinx.com:ip:clk_wiz:5.1-132] MIPSfpga_system_clk_wiz_0_0: mmcm_pll_calc_optimals: GetClosestSolution: errStr: 1
INFO: [xilinx.com:ip:clk_wiz:5.1-137] MIPSfpga_system_clk_wiz_0_0: phyMode: NONE phyFreq: 50.000
INFO: [xilinx.com:ip:clk_wiz:5.1-147] MIPSfpga_system_clk_wiz_0_0: clkphy_en: false , clkphy_freq: 600.000
INFO: [xilinx.com:ip:clk_wiz:5.1-132] MIPSfpga_system_clk_wiz_0_0: mmcm_pll_calc_optimals: GetClosestSolution: errStr: 1
INFO: [xilinx.com:ip:clk_wiz:5.1-137] MIPSfpga_system_clk_wiz_0_0: phyMode: NONE phyFreq: 50.000
INFO: [xilinx.com:ip:clk_wiz:5.1-147] MIPSfpga_system_clk_wiz_0_0: clkphy_en: false , clkphy_freq: 600.000
INFO: [xilinx.com:ip:clk_wiz:5.1-132] MIPSfpga_system_clk_wiz_0_0: mmcm_pll_calc_optimals: GetClosestSolution: errStr: 1
INFO: [xilinx.com:ip:clk_wiz:5.1-137] MIPSfpga_system_clk_wiz_0_0: phyMode: NONE phyFreq: 50.000
INFO: [xilinx.com:ip:clk_wiz:5.1-147] MIPSfpga_system_clk_wiz_0_0: clkphy_en: false , clkphy_freq: 600.000
INFO: [xilinx.com:ip:clk_wiz:5.1-132] MIPSfpga_system_clk_wiz_0_0: mmcm_pll_calc_optimals: GetClosestSolution: errStr: 1
INFO: [xilinx.com:ip:clk_wiz:5.1-137] MIPSfpga_system_clk_wiz_0_0: phyMode: NONE phyFreq: 50.000
INFO: [xilinx.com:ip:clk_wiz:5.1-147] MIPSfpga_system_clk_wiz_0_0: clkphy_en: false , clkphy_freq: 600.000
INFO: [xilinx.com:ip:clk_wiz:5.1-132] MIPSfpga_system_clk_wiz_0_0: mmcm_pll_calc_optimals: GetClosestSolution: errStr: 1
INFO: [xilinx.com:ip:clk_wiz:5.1-137] MIPSfpga_system_clk_wiz_0_0: phyMode: NONE phyFreq: 50.000
INFO: [xilinx.com:ip:clk_wiz:5.1-147] MIPSfpga_system_clk_wiz_0_0: clkphy_en: false , clkphy_freq: 600.000
INFO: [xilinx.com:ip:clk_wiz:5.1-132] MIPSfpga_system_clk_wiz_0_0: mmcm_pll_calc_optimals: GetClosestSolution: errStr: 1
INFO: [xilinx.com:ip:clk_wiz:5.1-137] MIPSfpga_system_clk_wiz_0_0: phyMode: NONE phyFreq: 50.000
INFO: [xilinx.com:ip:clk_wiz:5.1-147] MIPSfpga_system_clk_wiz_0_0: clkphy_en: false , clkphy_freq: 600.000
INFO: [xilinx.com:ip:clk_wiz:5.1-132] MIPSfpga_system_clk_wiz_0_0: mmcm_pll_calc_optimals: GetClosestSolution: errStr: 1
INFO: [xilinx.com:ip:clk_wiz:5.1-137] MIPSfpga_system_clk_wiz_0_0: phyMode: NONE phyFreq: 50.000
INFO: [xilinx.com:ip:clk_wiz:5.1-147] MIPSfpga_system_clk_wiz_0_0: clkphy_en: false , clkphy_freq: 600.000
INFO: [xilinx.com:ip:clk_wiz:5.1-132] MIPSfpga_system_clk_wiz_0_0: mmcm_pll_calc_optimals: GetClosestSolution: errStr: 1
INFO: [xilinx.com:ip:clk_wiz:5.1-137] MIPSfpga_system_clk_wiz_0_0: phyMode: NONE phyFreq: 50.000
INFO: [xilinx.com:ip:clk_wiz:5.1-147] MIPSfpga_system_clk_wiz_0_0: clkphy_en: false , clkphy_freq: 600.000
INFO: [xilinx.com:ip:clk_wiz:5.1-132] MIPSfpga_system_clk_wiz_0_0: mmcm_pll_calc_optimals: GetClosestSolution: errStr: 1
INFO: [xilinx.com:ip:clk_wiz:5.1-137] MIPSfpga_system_clk_wiz_0_0: phyMode: NONE phyFreq: 50.000
INFO: [xilinx.com:ip:clk_wiz:5.1-147] MIPSfpga_system_clk_wiz_0_0: clkphy_en: false , clkphy_freq: 600.000
INFO: [xilinx.com:ip:clk_wiz:5.1-132] MIPSfpga_system_clk_wiz_0_0: mmcm_pll_calc_optimals: GetClosestSolution: errStr: 1
INFO: [xilinx.com:ip:clk_wiz:5.1-137] MIPSfpga_system_clk_wiz_0_0: phyMode: NONE phyFreq: 50.000
INFO: [xilinx.com:ip:clk_wiz:5.1-147] MIPSfpga_system_clk_wiz_0_0: clkphy_en: false , clkphy_freq: 600.000
INFO: [xilinx.com:ip:clk_wiz:5.1-132] MIPSfpga_system_clk_wiz_0_0: mmcm_pll_calc_optimals: GetClosestSolution: errStr: 1
INFO: [xilinx.com:ip:clk_wiz:5.1-137] MIPSfpga_system_clk_wiz_0_0: phyMode: NONE phyFreq: 50.000
INFO: [xilinx.com:ip:clk_wiz:5.1-147] MIPSfpga_system_clk_wiz_0_0: clkphy_en: false , clkphy_freq: 600.000
INFO: [xilinx.com:ip:clk_wiz:5.1-132] MIPSfpga_system_clk_wiz_0_0: mmcm_pll_calc_optimals: GetClosestSolution: errStr: 1
INFO: [xilinx.com:ip:clk_wiz:5.1-137] MIPSfpga_system_clk_wiz_0_0: phyMode: NONE phyFreq: 50.000
INFO: [xilinx.com:ip:clk_wiz:5.1-147] MIPSfpga_system_clk_wiz_0_0: clkphy_en: false , clkphy_freq: 600.000
INFO: [xilinx.com:ip:clk_wiz:5.1-132] MIPSfpga_system_clk_wiz_0_0: mmcm_pll_calc_optimals: GetClosestSolution: errStr: 1
INFO: [xilinx.com:ip:clk_wiz:5.1-137] MIPSfpga_system_clk_wiz_0_0: phyMode: NONE phyFreq: 50.000
INFO: [xilinx.com:ip:clk_wiz:5.1-147] MIPSfpga_system_clk_wiz_0_0: clkphy_en: false , clkphy_freq: 600.000
INFO: [xilinx.com:ip:clk_wiz:5.1-132] MIPSfpga_system_clk_wiz_0_0: mmcm_pll_calc_optimals: GetClosestSolution: errStr: 1
INFO: [xilinx.com:ip:clk_wiz:5.1-137] MIPSfpga_system_clk_wiz_0_0: phyMode: NONE phyFreq: 50.000
INFO: [xilinx.com:ip:clk_wiz:5.1-147] MIPSfpga_system_clk_wiz_0_0: clkphy_en: false , clkphy_freq: 600.000
INFO: [xilinx.com:ip:clk_wiz:5.1-132] MIPSfpga_system_clk_wiz_0_0: mmcm_pll_calc_optimals: GetClosestSolution: errStr: 1
INFO: [xilinx.com:ip:clk_wiz:5.1-137] MIPSfpga_system_clk_wiz_0_0: phyMode: NONE phyFreq: 50.000
INFO: [xilinx.com:ip:clk_wiz:5.1-147] MIPSfpga_system_clk_wiz_0_0: clkphy_en: false , clkphy_freq: 600.000
INFO: [xilinx.com:ip:clk_wiz:5.1-132] MIPSfpga_system_clk_wiz_0_0: mmcm_pll_calc_optimals: GetClosestSolution: errStr: 1
INFO: [xilinx.com:ip:clk_wiz:5.1-137] MIPSfpga_system_clk_wiz_0_0: phyMode: NONE phyFreq: 50.000
INFO: [xilinx.com:ip:clk_wiz:5.1-147] MIPSfpga_system_clk_wiz_0_0: clkphy_en: false , clkphy_freq: 600.000
INFO: [xilinx.com:ip:clk_wiz:5.1-132] MIPSfpga_system_clk_wiz_0_0: mmcm_pll_calc_optimals: GetClosestSolution: errStr: 1
INFO: [xilinx.com:ip:clk_wiz:5.1-137] MIPSfpga_system_clk_wiz_0_0: phyMode: NONE phyFreq: 50.000
INFO: [xilinx.com:ip:clk_wiz:5.1-147] MIPSfpga_system_clk_wiz_0_0: clkphy_en: false , clkphy_freq: 600.000
INFO: [xilinx.com:ip:clk_wiz:5.1-132] MIPSfpga_system_clk_wiz_0_0: mmcm_pll_calc_optimals: GetClosestSolution: errStr: 1
INFO: [xilinx.com:ip:clk_wiz:5.1-137] MIPSfpga_system_clk_wiz_0_0: phyMode: NONE phyFreq: 50.000
INFO: [xilinx.com:ip:clk_wiz:5.1-147] MIPSfpga_system_clk_wiz_0_0: clkphy_en: false , clkphy_freq: 600.000
INFO: [xilinx.com:ip:clk_wiz:5.1-132] MIPSfpga_system_clk_wiz_0_0: mmcm_pll_calc_optimals: GetClosestSolution: errStr: 1
INFO: [xilinx.com:ip:clk_wiz:5.1-137] MIPSfpga_system_clk_wiz_0_0: phyMode: NONE phyFreq: 50.000
INFO: [xilinx.com:ip:clk_wiz:5.1-147] MIPSfpga_system_clk_wiz_0_0: clkphy_en: false , clkphy_freq: 600.000
INFO: [xilinx.com:ip:clk_wiz:5.1-132] MIPSfpga_system_clk_wiz_0_0: mmcm_pll_calc_optimals: GetClosestSolution: errStr: 1
INFO: [xilinx.com:ip:clk_wiz:5.1-137] MIPSfpga_system_clk_wiz_0_0: phyMode: NONE phyFreq: 50.000
INFO: [xilinx.com:ip:clk_wiz:5.1-147] MIPSfpga_system_clk_wiz_0_0: clkphy_en: false , clkphy_freq: 600.000
INFO: [xilinx.com:ip:clk_wiz:5.1-132] MIPSfpga_system_clk_wiz_0_0: mmcm_pll_calc_optimals: GetClosestSolution: errStr: 1
INFO: [xilinx.com:ip:clk_wiz:5.1-137] MIPSfpga_system_clk_wiz_0_0: phyMode: NONE phyFreq: 50.000
INFO: [xilinx.com:ip:clk_wiz:5.1-147] MIPSfpga_system_clk_wiz_0_0: clkphy_en: false , clkphy_freq: 600.000
INFO: [xilinx.com:ip:clk_wiz:5.1-132] MIPSfpga_system_clk_wiz_0_0: mmcm_pll_calc_optimals: GetClosestSolution: errStr: 1
INFO: [xilinx.com:ip:clk_wiz:5.1-137] MIPSfpga_system_clk_wiz_0_0: phyMode: NONE phyFreq: 50.000
INFO: [xilinx.com:ip:clk_wiz:5.1-147] MIPSfpga_system_clk_wiz_0_0: clkphy_en: false , clkphy_freq: 600.000
INFO: [xilinx.com:ip:clk_wiz:5.1-132] MIPSfpga_system_clk_wiz_0_0: mmcm_pll_calc_optimals: GetClosestSolution: errStr: 1
INFO: [xilinx.com:ip:clk_wiz:5.1-137] MIPSfpga_system_clk_wiz_0_0: phyMode: NONE phyFreq: 50.000
INFO: [xilinx.com:ip:clk_wiz:5.1-147] MIPSfpga_system_clk_wiz_0_0: clkphy_en: false , clkphy_freq: 600.000
INFO: [xilinx.com:ip:clk_wiz:5.1-132] MIPSfpga_system_clk_wiz_0_0: mmcm_pll_calc_optimals: GetClosestSolution: errStr: 1
INFO: [xilinx.com:ip:clk_wiz:5.1-137] MIPSfpga_system_clk_wiz_0_0: phyMode: NONE phyFreq: 50.000
INFO: [xilinx.com:ip:clk_wiz:5.1-147] MIPSfpga_system_clk_wiz_0_0: clkphy_en: false , clkphy_freq: 600.000
INFO: [xilinx.com:ip:clk_wiz:5.1-132] MIPSfpga_system_clk_wiz_0_0: mmcm_pll_calc_optimals: GetClosestSolution: errStr: 1
INFO: [xilinx.com:ip:clk_wiz:5.1-137] MIPSfpga_system_clk_wiz_0_0: phyMode: NONE phyFreq: 50.000
INFO: [xilinx.com:ip:clk_wiz:5.1-147] MIPSfpga_system_clk_wiz_0_0: clkphy_en: false , clkphy_freq: 600.000
INFO: [xilinx.com:ip:clk_wiz:5.1-132] MIPSfpga_system_clk_wiz_0_0: mmcm_pll_calc_optimals: GetClosestSolution: errStr: 1
INFO: [xilinx.com:ip:clk_wiz:5.1-137] MIPSfpga_system_clk_wiz_0_0: phyMode: NONE phyFreq: 50.000
INFO: [xilinx.com:ip:clk_wiz:5.1-147] MIPSfpga_system_clk_wiz_0_0: clkphy_en: false , clkphy_freq: 600.000
INFO: [xilinx.com:ip:clk_wiz:5.1-132] MIPSfpga_system_clk_wiz_0_0: mmcm_pll_calc_optimals: GetClosestSolution: errStr: 1
INFO: [xilinx.com:ip:clk_wiz:5.1-137] MIPSfpga_system_clk_wiz_0_0: phyMode: NONE phyFreq: 50.000
INFO: [xilinx.com:ip:clk_wiz:5.1-147] MIPSfpga_system_clk_wiz_0_0: clkphy_en: false , clkphy_freq: 600.000
INFO: [xilinx.com:ip:clk_wiz:5.1-132] MIPSfpga_system_clk_wiz_0_0: mmcm_pll_calc_optimals: GetClosestSolution: errStr: 1
INFO: [xilinx.com:ip:clk_wiz:5.1-137] MIPSfpga_system_clk_wiz_0_0: phyMode: NONE phyFreq: 50.000
INFO: [xilinx.com:ip:clk_wiz:5.1-147] MIPSfpga_system_clk_wiz_0_0: clkphy_en: false , clkphy_freq: 600.000
INFO: [xilinx.com:ip:clk_wiz:5.1-132] MIPSfpga_system_clk_wiz_0_0: mmcm_pll_calc_optimals: GetClosestSolution: errStr: 1
INFO: [xilinx.com:ip:clk_wiz:5.1-137] MIPSfpga_system_clk_wiz_0_0: phyMode: NONE phyFreq: 50.000
INFO: [xilinx.com:ip:clk_wiz:5.1-147] MIPSfpga_system_clk_wiz_0_0: clkphy_en: false , clkphy_freq: 600.000
INFO: [xilinx.com:ip:clk_wiz:5.1-132] MIPSfpga_system_clk_wiz_0_0: mmcm_pll_calc_optimals: GetClosestSolution: errStr: 1
INFO: [xilinx.com:ip:clk_wiz:5.1-137] MIPSfpga_system_clk_wiz_0_0: phyMode: NONE phyFreq: 50.000
INFO: [xilinx.com:ip:clk_wiz:5.1-147] MIPSfpga_system_clk_wiz_0_0: clkphy_en: false , clkphy_freq: 600.000
INFO: [xilinx.com:ip:clk_wiz:5.1-132] MIPSfpga_system_clk_wiz_0_0: mmcm_pll_calc_optimals: GetClosestSolution: errStr: 1
INFO: [xilinx.com:ip:clk_wiz:5.1-137] MIPSfpga_system_clk_wiz_0_0: phyMode: NONE phyFreq: 50.000
INFO: [xilinx.com:ip:clk_wiz:5.1-147] MIPSfpga_system_clk_wiz_0_0: clkphy_en: false , clkphy_freq: 600.000
INFO: [xilinx.com:ip:clk_wiz:5.1-132] MIPSfpga_system_clk_wiz_0_0: mmcm_pll_calc_optimals: GetClosestSolution: errStr: 1
INFO: [xilinx.com:ip:clk_wiz:5.1-137] MIPSfpga_system_clk_wiz_0_0: phyMode: NONE phyFreq: 50.000
INFO: [xilinx.com:ip:clk_wiz:5.1-147] MIPSfpga_system_clk_wiz_0_0: clkphy_en: false , clkphy_freq: 600.000
INFO: [xilinx.com:ip:clk_wiz:5.1-132] MIPSfpga_system_clk_wiz_0_0: mmcm_pll_calc_optimals: GetClosestSolution: errStr: 1
INFO: [xilinx.com:ip:clk_wiz:5.1-137] MIPSfpga_system_clk_wiz_0_0: phyMode: NONE phyFreq: 50.000
INFO: [xilinx.com:ip:clk_wiz:5.1-147] MIPSfpga_system_clk_wiz_0_0: clkphy_en: false , clkphy_freq: 600.000
INFO: [xilinx.com:ip:clk_wiz:5.1-132] MIPSfpga_system_clk_wiz_0_0: mmcm_pll_calc_optimals: GetClosestSolution: errStr: 1
INFO: [xilinx.com:ip:clk_wiz:5.1-137] MIPSfpga_system_clk_wiz_0_0: phyMode: NONE phyFreq: 50.000
INFO: [xilinx.com:ip:clk_wiz:5.1-147] MIPSfpga_system_clk_wiz_0_0: clkphy_en: false , clkphy_freq: 600.000
INFO: [xilinx.com:ip:clk_wiz:5.1-132] MIPSfpga_system_clk_wiz_0_0: mmcm_pll_calc_optimals: GetClosestSolution: errStr: 1
INFO: [xilinx.com:ip:clk_wiz:5.1-137] MIPSfpga_system_clk_wiz_0_0: phyMode: NONE phyFreq: 50.000
INFO: [xilinx.com:ip:clk_wiz:5.1-147] MIPSfpga_system_clk_wiz_0_0: clkphy_en: false , clkphy_freq: 600.000
INFO: [xilinx.com:ip:clk_wiz:5.1-132] MIPSfpga_system_clk_wiz_0_0: mmcm_pll_calc_optimals: GetClosestSolution: errStr: 1
INFO: [xilinx.com:ip:clk_wiz:5.1-137] MIPSfpga_system_clk_wiz_0_0: phyMode: NONE phyFreq: 50.000
INFO: [xilinx.com:ip:clk_wiz:5.1-147] MIPSfpga_system_clk_wiz_0_0: clkphy_en: false , clkphy_freq: 600.000
INFO: [xilinx.com:ip:clk_wiz:5.1-132] MIPSfpga_system_clk_wiz_0_0: mmcm_pll_calc_optimals: GetClosestSolution: errStr: 1
INFO: [xilinx.com:ip:clk_wiz:5.1-137] MIPSfpga_system_clk_wiz_0_0: phyMode: NONE phyFreq: 50.000
INFO: [xilinx.com:ip:clk_wiz:5.1-147] MIPSfpga_system_clk_wiz_0_0: clkphy_en: false , clkphy_freq: 600.000
INFO: [xilinx.com:ip:clk_wiz:5.1-132] MIPSfpga_system_clk_wiz_0_0: mmcm_pll_calc_optimals: GetClosestSolution: errStr: 1
INFO: [xilinx.com:ip:clk_wiz:5.1-137] MIPSfpga_system_clk_wiz_0_0: phyMode: NONE phyFreq: 50.000
CRITICAL WARNING: [BD 41-237] Bus Interface property MASTER_TYPE does not match between /blk_mem_gen_0/BRAM_PORTA(OTHER) and /axi_bram_ctrl_0/BRAM_PORTA(BRAM_CTRL)
CRITICAL WARNING: [BD 41-237] Bus Interface property MASTER_TYPE does not match between /blk_mem_gen_1/BRAM_PORTA(OTHER) and /axi_bram_ctrl_1/BRAM_PORTA(BRAM_CTRL)
validate_bd_design: Time (s): cpu = 00:00:09 ; elapsed = 00:00:12 . Memory (MB): peak = 976.551 ; gain = 45.105
generate_target all [get_files  C:/My_Peripheral_project/MIPSfpga_axi4/MIPSfpga_axi4.srcs/sources_1/bd/MIPSfpga_system/MIPSfpga_system.bd]
INFO: [BD 41-1662] The design 'MIPSfpga_system.bd' is already validated. Therefore parameter propagation will not be re-run.
WARNING: [BD 41-235] Width mismatch when connecting pin: '/blk_mem_gen_0/wea'(1) to net 'axi_bram_ctrl_0_BRAM_PORTA_WE'(4) - Only lower order bits will be connected.
WARNING: [BD 41-235] Width mismatch when connecting pin: '/blk_mem_gen_1/wea'(1) to net 'axi_bram_ctrl_1_BRAM_PORTA_WE'(4) - Only lower order bits will be connected.
Verilog Output written to : C:/My_Peripheral_project/MIPSfpga_axi4/MIPSfpga_axi4.srcs/sources_1/bd/MIPSfpga_system/hdl/MIPSfpga_system.v
Verilog Output written to : C:/My_Peripheral_project/MIPSfpga_axi4/MIPSfpga_axi4.srcs/sources_1/bd/MIPSfpga_system/hdl/MIPSfpga_system_wrapper.v
Wrote  : <C:/My_Peripheral_project/MIPSfpga_axi4/MIPSfpga_axi4.srcs/sources_1/bd/MIPSfpga_system/MIPSfpga_system.bd> 
INFO: [BD 41-1029] Generation completed for the IP Integrator block MIPS_MicroAptiv_UP_0 .
INFO: [BD 41-1029] Generation completed for the IP Integrator block ahblite_axi_bridge_0 .
INFO: [BD 41-1029] Generation completed for the IP Integrator block xlconstant_0 .
INFO: [BD 41-1029] Generation completed for the IP Integrator block axi_interconnect_0/xbar .
INFO: [BD 41-1029] Generation completed for the IP Integrator block axi_gpio_0 .
INFO: [BD 41-1029] Generation completed for the IP Integrator block axi_bram_ctrl_0 .
INFO: [BD 41-1029] Generation completed for the IP Integrator block blk_mem_gen_0 .
INFO: [BD 41-1029] Generation completed for the IP Integrator block util_ds_buf_0 .
INFO: [BD 41-1029] Generation completed for the IP Integrator block xlconstant_1 .
INFO: [BD 41-1029] Generation completed for the IP Integrator block xlconstant_2 .
INFO: [BD 41-1029] Generation completed for the IP Integrator block clk_wiz_0 .
INFO: [BD 41-1029] Generation completed for the IP Integrator block util_vector_logic_0 .
INFO: [BD 41-1029] Generation completed for the IP Integrator block util_vector_logic_1 .
INFO: [BD 41-1029] Generation completed for the IP Integrator block axi_uart16550_0 .
INFO: [BD 41-1029] Generation completed for the IP Integrator block xlconstant_3 .
INFO: [BD 41-1029] Generation completed for the IP Integrator block blk_mem_gen_1 .
INFO: [BD 41-1029] Generation completed for the IP Integrator block axi_bram_ctrl_1 .
INFO: [BD 41-1029] Generation completed for the IP Integrator block PWM_w_Int_0 .
INFO: [BD 41-1029] Generation completed for the IP Integrator block xlconcat_0 .
INFO: [BD 41-1029] Generation completed for the IP Integrator block axi_iic_0 .
INFO: [BD 41-1029] Generation completed for the IP Integrator block axi_iic_1 .
INFO: [IP_Flow 19-1686] Generating 'Instantiation Template' target for IP 'MIPSfpga_system_auto_pc_0'...
INFO: [IP_Flow 19-1686] Generating 'Synthesis' target for IP 'MIPSfpga_system_auto_pc_0'...
INFO: [IP_Flow 19-1686] Generating 'Simulation' target for IP 'MIPSfpga_system_auto_pc_0'...
INFO: [IP_Flow 19-1686] Generating 'Change Log' target for IP 'MIPSfpga_system_auto_pc_0'...
INFO: [BD 41-1029] Generation completed for the IP Integrator block axi_interconnect_0/m00_couplers/auto_pc .
INFO: [IP_Flow 19-1686] Generating 'Instantiation Template' target for IP 'MIPSfpga_system_auto_pc_1'...
INFO: [IP_Flow 19-1686] Generating 'Synthesis' target for IP 'MIPSfpga_system_auto_pc_1'...
INFO: [IP_Flow 19-1686] Generating 'Simulation' target for IP 'MIPSfpga_system_auto_pc_1'...
INFO: [IP_Flow 19-1686] Generating 'Change Log' target for IP 'MIPSfpga_system_auto_pc_1'...
INFO: [BD 41-1029] Generation completed for the IP Integrator block axi_interconnect_0/m02_couplers/auto_pc .
INFO: [IP_Flow 19-1686] Generating 'Instantiation Template' target for IP 'MIPSfpga_system_auto_pc_2'...
INFO: [IP_Flow 19-1686] Generating 'Synthesis' target for IP 'MIPSfpga_system_auto_pc_2'...
INFO: [IP_Flow 19-1686] Generating 'Simulation' target for IP 'MIPSfpga_system_auto_pc_2'...
INFO: [IP_Flow 19-1686] Generating 'Change Log' target for IP 'MIPSfpga_system_auto_pc_2'...
INFO: [BD 41-1029] Generation completed for the IP Integrator block axi_interconnect_0/m04_couplers/auto_pc .
INFO: [IP_Flow 19-1686] Generating 'Instantiation Template' target for IP 'MIPSfpga_system_auto_pc_3'...
INFO: [IP_Flow 19-1686] Generating 'Synthesis' target for IP 'MIPSfpga_system_auto_pc_3'...
INFO: [IP_Flow 19-1686] Generating 'Simulation' target for IP 'MIPSfpga_system_auto_pc_3'...
INFO: [IP_Flow 19-1686] Generating 'Change Log' target for IP 'MIPSfpga_system_auto_pc_3'...
INFO: [BD 41-1029] Generation completed for the IP Integrator block axi_interconnect_0/m05_couplers/auto_pc .
INFO: [IP_Flow 19-1686] Generating 'Instantiation Template' target for IP 'MIPSfpga_system_auto_pc_4'...
INFO: [IP_Flow 19-1686] Generating 'Synthesis' target for IP 'MIPSfpga_system_auto_pc_4'...
INFO: [IP_Flow 19-1686] Generating 'Simulation' target for IP 'MIPSfpga_system_auto_pc_4'...
INFO: [IP_Flow 19-1686] Generating 'Change Log' target for IP 'MIPSfpga_system_auto_pc_4'...
INFO: [BD 41-1029] Generation completed for the IP Integrator block axi_interconnect_0/m06_couplers/auto_pc .
INFO: [BD 41-1379] This design does not contain any processor.
Exporting to file C:/My_Peripheral_project/MIPSfpga_axi4/MIPSfpga_axi4.srcs/sources_1/bd/MIPSfpga_system/hw_handoff/MIPSfpga_system.hwh
Generated Block Design Tcl file C:/My_Peripheral_project/MIPSfpga_axi4/MIPSfpga_axi4.srcs/sources_1/bd/MIPSfpga_system/hw_handoff/MIPSfpga_system_bd.tcl
Generated Hardware Definition File C:/My_Peripheral_project/MIPSfpga_axi4/MIPSfpga_axi4.srcs/sources_1/bd/MIPSfpga_system/hdl/MIPSfpga_system.hwdef
generate_target: Time (s): cpu = 00:00:05 ; elapsed = 00:00:06 . Memory (MB): peak = 1046.695 ; gain = 54.086
save_bd_design
Wrote  : <C:/My_Peripheral_project/MIPSfpga_axi4/MIPSfpga_axi4.srcs/sources_1/bd/MIPSfpga_system/MIPSfpga_system.bd> 
reset_run synth_1
launch_runs impl_1 -to_step write_bitstream -jobs 2
[Tue Jul 28 00:17:54 2020] Launched synth_1...
Run output will be captured here: C:/My_Peripheral_project/MIPSfpga_axi4/MIPSfpga_axi4.runs/synth_1/runme.log
[Tue Jul 28 00:17:54 2020] Launched impl_1...
Run output will be captured here: C:/My_Peripheral_project/MIPSfpga_axi4/MIPSfpga_axi4.runs/impl_1/runme.log
exit
INFO: [Common 17-206] Exiting Vivado at Tue Jul 28 00:45:10 2020...
