#-----------------------------------------------------------
# Vivado v2015.2 (64-bit)
# SW Build 1266856 on Fri Jun 26 16:35:25 MDT 2015
# IP Build 1264090 on Wed Jun 24 14:22:01 MDT 2015
# Start of session at: Mon Jul 20 17:23:10 2020
# Process ID: 13024
# Log file: C:/My_Peripheral_project/ip_repo/vivado.log
# Journal file: C:/My_Peripheral_project/ip_repo\vivado.jou
#-----------------------------------------------------------
start_gui
open_project C:/My_Peripheral_project/ip_repo/edit_PWM_w_Int_v1_0.xpr
Scanning sources...
Finished scanning sources
WARNING: [filemgmt 56-3] IP Repository Path: Could not find the directory 'C:/Peripheral_course_lab1/ip_repo/PWM_w_Int_1.0'.
WARNING: [filemgmt 56-3] IP Repository Path: Could not find the directory 'C:/My_Peripheral_project/ip_repo/myip_1.0'.
WARNING: [filemgmt 56-3] IP Repository Path: Could not find the directory 'C:/Peripheral_course_lab1/ip_repo'.
INFO: [IP_Flow 19-234] Refreshing IP repositories
INFO: [IP_Flow 19-1700] Loaded user IP repository 'c:/My_Peripheral_project/ip_repo/pwm_w_int_1.0'.
WARNING: [IP_Flow 19-3685] Ignored loading user repository 'c:/Peripheral_course_lab1/ip_repo/PWM_w_Int_1.0'. The path is contained within another repository.
WARNING: [IP_Flow 19-2248] Failed to load user IP repository 'c:/My_Peripheral_project/ip_repo/myip_1.0'; Can't find the specified path.
If this directory should no longer be in your list of user repositories, go to the IP Settings dialog and remove it.
WARNING: [IP_Flow 19-2248] Failed to load user IP repository 'c:/Peripheral_course_lab1/ip_repo'; Can't find the specified path.
If this directory should no longer be in your list of user repositories, go to the IP Settings dialog and remove it.
INFO: [IP_Flow 19-2313] Loaded Vivado IP repository 'C:/Xilinx/Vivado/2015.2/data/ip'.
open_project: Time (s): cpu = 00:00:19 ; elapsed = 00:00:13 . Memory (MB): peak = 726.008 ; gain = 169.625
exit
INFO: [Common 17-206] Exiting Vivado at Mon Jul 20 17:24:05 2020...
