#-----------------------------------------------------------
# Vivado v2015.2 (64-bit)
# SW Build 1266856 on Fri Jun 26 16:35:25 MDT 2015
# IP Build 1264090 on Wed Jun 24 14:22:01 MDT 2015
# Start of session at: Mon Jul 20 17:03:45 2020
# Process ID: 14468
# Log file: C:/My_Peripheral_project/ip_repo/vivado.log
# Journal file: C:/My_Peripheral_project/ip_repo\vivado.jou
#-----------------------------------------------------------
start_gui
open_project C:/My_Peripheral_project/ip_repo/edit_PWM_w_Int_v1_0.xpr
INFO: [Project 1-313] Project file moved from 'c:/peripheral_course_lab1/ip_repo' since last save.
Scanning sources...
Finished scanning sources
WARNING: [filemgmt 56-2] IP Repository Path: Could not find the directory 'C:/Peripheral_course_lab1/ip_repo/PWM_w_Int_1.0', nor could it be found using path 'c:/Peripheral_course_lab1/ip_repo/PWM_w_Int_1.0'.
WARNING: [filemgmt 56-2] IP Repository Path: Could not find the directory 'C:/../../myip_1.0', nor could it be found using path 'c:/../../myip_1.0'.
WARNING: [filemgmt 56-2] IP Repository Path: Could not find the directory 'C:/Peripheral_course_lab1/ip_repo', nor could it be found using path 'c:/Peripheral_course_lab1/ip_repo'.
INFO: [IP_Flow 19-234] Refreshing IP repositories
WARNING: [IP_Flow 19-3685] Ignored loading user repository 'c:/Peripheral_course_lab1/ip_repo/PWM_w_Int_1.0'. The path is contained within another repository.
WARNING: [IP_Flow 19-2248] Failed to load user IP repository 'c:/My_Peripheral_project/ip_repo/myip_1.0'; Can't find the specified path.
If this directory should no longer be in your list of user repositories, go to the IP Settings dialog and remove it.
WARNING: [IP_Flow 19-2248] Failed to load user IP repository 'c:/Peripheral_course_lab1/ip_repo'; Can't find the specified path.
If this directory should no longer be in your list of user repositories, go to the IP Settings dialog and remove it.
INFO: [IP_Flow 19-2313] Loaded Vivado IP repository 'C:/Xilinx/Vivado/2015.2/data/ip'.
open_project: Time (s): cpu = 00:00:17 ; elapsed = 00:00:09 . Memory (MB): peak = 722.215 ; gain = 168.738
ipx::open_ipxact_file C:/My_Peripheral_project/ip_repo/pwm_w_int_1.0/component.xml
set_property core_revision 13 [ipx::current_core]
ipx::create_xgui_files [ipx::current_core]
ipx::update_checksums [ipx::current_core]
ipx::save_core [ipx::current_core]
set_property  ip_repo_paths  {c:/My_Peripheral_project/ip_repo/pwm_w_int_1.0 c:/Peripheral_course_lab1/ip_repo/PWM_w_Int_1.0 c:/My_Peripheral_project/ip_repo/myip_1.0 c:/Peripheral_course_lab1/ip_repo} [current_project]
update_ip_catalog
INFO: [IP_Flow 19-234] Refreshing IP repositories
INFO: [IP_Flow 19-1700] Loaded user IP repository 'c:/My_Peripheral_project/ip_repo/pwm_w_int_1.0'.
WARNING: [IP_Flow 19-3685] Ignored loading user repository 'c:/Peripheral_course_lab1/ip_repo/PWM_w_Int_1.0'. The path is contained within another repository.
WARNING: [IP_Flow 19-2248] Failed to load user IP repository 'c:/My_Peripheral_project/ip_repo/myip_1.0'; Can't find the specified path.
If this directory should no longer be in your list of user repositories, go to the IP Settings dialog and remove it.
WARNING: [IP_Flow 19-2248] Failed to load user IP repository 'c:/Peripheral_course_lab1/ip_repo'; Can't find the specified path.
If this directory should no longer be in your list of user repositories, go to the IP Settings dialog and remove it.
ipx::unload_core c:/My_Peripheral_project/ip_repo/pwm_w_int_1.0/component.xml
ipx::open_ipxact_file C:/My_Peripheral_project/ip_repo/pwm_w_int_1.0/component.xml
ipx::remove_port PWM_Counter [ipx::current_core]
ipx::remove_port DutyCycle [ipx::current_core]
set_property core_revision 14 [ipx::current_core]
ipx::create_xgui_files [ipx::current_core]
ipx::update_checksums [ipx::current_core]
ipx::save_core [ipx::current_core]
update_ip_catalog -rebuild -repo_path c:/My_Peripheral_project/ip_repo/pwm_w_int_1.0
INFO: [IP_Flow 19-725] Reloaded user IP repository 'c:/My_Peripheral_project/ip_repo/pwm_w_int_1.0'
ipx::unload_core c:/My_Peripheral_project/ip_repo/pwm_w_int_1.0/component.xml
ipx::open_ipxact_file C:/My_Peripheral_project/ip_repo/pwm_w_int_1.0/component.xml
set_property core_revision 15 [ipx::current_core]
ipx::create_xgui_files [ipx::current_core]
ipx::update_checksums [ipx::current_core]
ipx::save_core [ipx::current_core]
update_ip_catalog -rebuild -repo_path c:/My_Peripheral_project/ip_repo/pwm_w_int_1.0
INFO: [IP_Flow 19-725] Reloaded user IP repository 'c:/My_Peripheral_project/ip_repo/pwm_w_int_1.0'
exit
INFO: [Common 17-206] Exiting Vivado at Mon Jul 20 17:13:21 2020...
