#-----------------------------------------------------------
# Vivado v2015.2 (64-bit)
# SW Build 1266856 on Fri Jun 26 16:35:25 MDT 2015
# IP Build 1264090 on Wed Jun 24 14:22:01 MDT 2015
# Start of session at: Fri Jul 24 02:37:24 2020
# Process ID: 9400
# Log file: C:/Users/18131/Desktop/task2/task2_project/Task2_AXI4Lite_Uart/vivado.log
# Journal file: C:/Users/18131/Desktop/task2/task2_project/Task2_AXI4Lite_Uart\vivado.jou
#-----------------------------------------------------------
start_gui
open_project C:/Users/18131/Desktop/task2/task2_project/Task2_AXI4Lite_Uart/Task2_AXI4Lite_Uart.xpr
CRITICAL WARNING: [Project 1-19] Could not find the file 'C:/Users/18131/Desktop/task2/task2_project/Task2_AXI4Lite_Uart/Task2_AXI4Lite_Uart.srcs/sources_1/ip/UART_IP_0/UART_IP_0.xci'.
CRITICAL WARNING: [Project 1-19] Could not find the file 'C:/Users/18131/Desktop/task2/task2_project/Task2_AXI4Lite_Uart/Task2_AXI4Lite_Uart.srcs/sources_1/ip/UART_IP_1/UART_IP_1.xci'.
Scanning sources...
Finished scanning sources
ERROR: [IP_Flow 19-993] Could not find IP file for IP 'UART_IP_0'.
CRITICAL WARNING: [IP_Flow 19-3933] Unable to construct an IP Instance UART_IP_0 using VLNV :::.
ERROR: [IP_Flow 19-993] Could not find IP file for IP 'UART_IP_1'.
CRITICAL WARNING: [IP_Flow 19-3933] Unable to construct an IP Instance UART_IP_1 using VLNV :::.
INFO: [IP_Flow 19-234] Refreshing IP repositories
INFO: [IP_Flow 19-1700] Loaded user IP repository 'c:/Users/18131/Desktop/task2/task2_project/ip_repo/UART_IP_1.0'.
INFO: [IP_Flow 19-2313] Loaded Vivado IP repository 'C:/Xilinx/Vivado/2015.2/data/ip'.
open_project: Time (s): cpu = 00:00:16 ; elapsed = 00:00:11 . Memory (MB): peak = 770.754 ; gain = 209.953
ERROR: [Common 17-39] 'open_project' failed due to earlier errors.
update_compile_order -fileset sources_1
remove_files C:/Users/18131/Desktop/task2/task2_project/Task2_AXI4Lite_Uart/Task2_AXI4Lite_Uart.srcs/sources_1/ip/UART_IP_0/UART_IP_0.xci
remove_files C:/Users/18131/Desktop/task2/task2_project/Task2_AXI4Lite_Uart/Task2_AXI4Lite_Uart.srcs/sources_1/ip/UART_IP_1/UART_IP_1.xci
exit
INFO: [Common 17-206] Exiting Vivado at Fri Jul 24 02:39:56 2020...
